<?xml version="1.0" encoding="UTF-8"?>
<!-- Generated by org.testng.reporters.JUnitReportReporter -->
<testsuite hostname="DESKTOP-FJKP7PT" failures="0" tests="1" name="com.qt.script.Post_method" time="2.109" errors="0" timestamp="2024-08-16T20:31:30 IST" skipped="0">
  <testcase classname="com.qt.script.Post_method" name="create_method" time="2.109"/>
  <system-out/>
</testsuite> <!-- com.qt.script.Post_method -->
