<?xml version="1.0" encoding="UTF-8"?>
<!-- Generated by org.testng.reporters.JUnitReportReporter -->
<testsuite hostname="DESKTOP-FJKP7PT" failures="0" tests="1" name="com.qt.script.Delete_method" time="2.101" errors="0" timestamp="2024-08-12T23:36:36 IST" skipped="0">
  <testcase classname="com.qt.script.Delete_method" name="delete_Request" time="2.101"/>
  <system-out/>
</testsuite> <!-- com.qt.script.Delete_method -->
