<?xml version="1.0" encoding="UTF-8"?>
<!-- Generated by org.testng.reporters.JUnitReportReporter -->
<testsuite hostname="DESKTOP-FJKP7PT" failures="0" tests="1" name="com.qt.script.Get_Method" time="3.074" errors="0" timestamp="2024-08-15T00:49:51 IST" skipped="0">
  <testcase classname="com.qt.script.Get_Method" name="get_Request" time="3.074"/>
  <system-out/>
</testsuite> <!-- com.qt.script.Get_Method -->
