<?xml version="1.0" encoding="UTF-8"?>
<!-- Generated by org.testng.reporters.JUnitReportReporter -->
<testsuite hostname="DESKTOP-FJKP7PT" failures="0" tests="1" name="com.qt.script.Update_method" time="2.400" errors="0" timestamp="2024-08-15T22:01:42 IST" skipped="0">
  <testcase classname="com.qt.script.Update_method" name="update_Request" time="2.400"/>
  <system-out/>
</testsuite> <!-- com.qt.script.Update_method -->
