<?xml version="1.0" encoding="UTF-8"?>
<!-- Generated by org.testng.reporters.JUnitReportReporter -->
<testsuite hostname="DESKTOP-FJKP7PT" failures="0" tests="1" name="com.qt.script.Dummy_data" time="0.217" errors="0" timestamp="2024-12-12T23:46:43 IST" skipped="0">
  <testcase classname="com.qt.script.Dummy_data" name="dummy_Method" time="0.217"/>
  <system-out/>
</testsuite> <!-- com.qt.script.Dummy_data -->
