<?xml version="1.0" encoding="UTF-8"?>
<!-- Generated by org.testng.reporters.JUnitReportReporter -->
<testsuite hostname="DESKTOP-FJKP7PT" failures="0" tests="2" name="com.qt.script.Pojo" time="0.408" errors="0" timestamp="2024-08-15T23:26:09 IST" skipped="1">
  <testcase classname="com.qt.script.Pojo" name="jsontopojo" time="0.408"/>
  <system-out/>
  <testcase classname="com.qt.script.Pojo" name="pojo_method">
    <skipped/>
  </testcase> <!-- pojo_method -->
  <system-out/>
</testsuite> <!-- com.qt.script.Pojo -->
